<?xml version="1.0" encoding="UTF-8"?>
<testsuite xmlns:xsi="http://www.w3.org/2001/XMLSchema-instance" xsi:noNamespaceSchemaLocation="https://maven.apache.org/surefire/maven-surefire-plugin/xsd/surefire-test-report-3.0.xsd" version="3.0" name="cucumber.Options.TestRunner" time="4.691" tests="2" errors="0" skipped="0" failures="1">
  <properties>
[...]
</properties>
  <testcase name="Verify authorization is Successfully added using authCode" classname="Validating Authorize APIs" time="3.337">
    <system-out><![CDATA[/oauth/authorize
200
Expected: SUCCESS | Actual: SUCCESS
Full Response: {"authCode":"5d7ec4a07a363ed7da2a1e7e20f730a9","status":"SUCCESS","errorCode":null,"errorDesc":null,"errorId":0}
AuthCode : 5d7ec4a07a363ed7da2a1e7e20f730a9
]]></system-out>
  </testcase>
  <testcase name="Verify getToken is successfull using authCode" classname="Validating Authorize APIs" time="0.643">
    <failure message="expected:&lt;[SUCCESS]&gt; but was:&lt;[FAILURE]&gt;" type="org.junit.ComparisonFailure"><![CDATA[org.junit.ComparisonFailure: expected:<[SUCCESS]> but was:<[FAILURE]>
	at org.junit.Assert.assertEquals(Assert.java:117)
	at org.junit.Assert.assertEquals(Assert.java:146)
	at stepDefinations.StepDefinition.the_in_response_body_is(StepDefinition.java:72)
	at ✽.The "status" in response body is "SUCCESS"(file:///C:/Users/tejaswini.kilari/workspace/APIFrameWork/src/test/java/features/placeValidations.feature:18)
]]></failure>
    <system-out><![CDATA[AuthCode : <authCode>
/oauth/getToken
200
Expected: SUCCESS | Actual: FAILURE
Full Response: {"expiresIn":0,"accessToken":null,"refreshToken":null,"status":"FAILURE","errorCode":"INVALID_REQUEST","errorDesc":"Request Data Contains Invalid Data/Format","partnerID":null,"errorId":10002}
]]></system-out>
  </testcase>
</testsuite>