<?xml version="1.0" encoding="UTF-8"?>
<testsuite xmlns:xsi="http://www.w3.org/2001/XMLSchema-instance" xsi:noNamespaceSchemaLocation="https://maven.apache.org/surefire/maven-surefire-plugin/xsd/surefire-test-report-3.0.xsd" version="3.0" name="cucumber.Options.TestRunner" time="9.334" tests="5" errors="0" skipped="0" failures="1">
  <properties>
[...]
</properties>
  <testcase name="Verify authorization is Successfully added using authCode" classname="Validating Authorize APIs" time="2.99">
    <system-out><![CDATA[/oauth/authorize
authcode : dcdb1399ed13acdbdba4f7ccaa548849
partnerId : jokaroom
]]></system-out>
  </testcase>
  <testcase name="Verify getToken is successfull using authCode" classname="Validating Authorize APIs" time="0.604">
    <system-out><![CDATA[partnerId : jokaroom
/oauth/getToken
accessToken : beab713e986e25c26f378498745310a2
]]></system-out>
  </testcase>
  <testcase name="Registration successfull" classname="Validating Authorize APIs" time="1.537">
    <system-out><![CDATA[/ecr/registration/register
]]></system-out>
  </testcase>
  <testcase name="Registration Unsuccessfull" classname="Validating Authorize APIs" time="1.939">
    <failure message="expected:&lt;200&gt; but was:&lt;404&gt;" type="java.lang.AssertionError"><![CDATA[java.lang.AssertionError: expected:<200> but was:<404>
	at org.junit.Assert.fail(Assert.java:89)
	at org.junit.Assert.failNotEquals(Assert.java:835)
	at org.junit.Assert.assertEquals(Assert.java:647)
	at org.junit.Assert.assertEquals(Assert.java:633)
	at stepDefinitions.StepDefinition.the_api_call_got_failure_with_status_code(StepDefinition.java:88)
	at ✽.The API call got failure with status code 404(file:///C:/Users/tejaswini.kilari/workspace/APIFrameWork/src/test/java/features/placeValidations.feature:26)
]]></failure>
    <system-out><![CDATA[/ecr/registration/register
]]></system-out>
  </testcase>
  <testcase name="Authentication successfull" classname="Validating Authorize APIs" time="1.193">
    <system-out><![CDATA[/ecr/auth/authenticate
]]></system-out>
  </testcase>
</testsuite>